
**** Build of configuration Nios II for project TiltMazeController ****

make all 
Info: Building ../TiltMazeController_bsp/
make --no-print-directory -C ../TiltMazeController_bsp/
[BSP build complete]
Info: Compiling servo.c to obj/default/servo.o
nios2-elf-gcc -xc -MP -MMD -c -I../TiltMazeController_bsp//UCOSII/inc -I../TiltMazeController_bsp//HAL/inc -I../TiltMazeController_bsp/ -I../TiltMazeController_bsp//drivers/inc  -DSYSTEM_BUS_WIDTH=32 -pipe -D__hal__ -DALT_NO_INSTRUCTION_EMULATION -D__ucosii__    -O0 -g -Wall   -EL -mno-hw-div -mno-hw-mul -mno-hw-mulx  -o obj/default/servo.o servo.c
servo.c: In function 'button_read':
servo.c:47: error: 'servo0Sem' undeclared (first use in this function)
servo.c:47: error: (Each undeclared identifier is reported only once
servo.c:47: error: for each function it appears in.)
servo.c:58: error: 'servo1Sem' undeclared (first use in this function)
make: *** [obj/default/servo.o] Error 1

**** Build Finished ****

**** Build of configuration Nios II for project TiltMazeController ****

make all 
Info: Building ../TiltMazeController_bsp/
make --no-print-directory -C ../TiltMazeController_bsp/
[BSP build complete]
Info: Compiling servo.c to obj/default/servo.o
nios2-elf-gcc -xc -MP -MMD -c -I../TiltMazeController_bsp//UCOSII/inc -I../TiltMazeController_bsp//HAL/inc -I../TiltMazeController_bsp/ -I../TiltMazeController_bsp//drivers/inc  -DSYSTEM_BUS_WIDTH=32 -pipe -D__hal__ -DALT_NO_INSTRUCTION_EMULATION -D__ucosii__    -O0 -g -Wall   -EL -mno-hw-div -mno-hw-mul -mno-hw-mulx  -o obj/default/servo.o servo.c
Info: Linking TiltMazeController.elf
nios2-elf-g++  -T'../TiltMazeController_bsp//linker.x' -msys-crt0='../TiltMazeController_bsp//obj/HAL/src/crt0.o' -msys-lib=ucosii_bsp -L../TiltMazeController_bsp/   -Wl,-Map=TiltMazeController.map   -O0 -g -Wall   -EL -mno-hw-div -mno-hw-mul -mno-hw-mulx  -o TiltMazeController.elf obj/default/command.o obj/default/main.o obj/default/servo.o obj/default/uart.o -lm 
nios2-elf-insert TiltMazeController.elf --thread_model ucosii --cpu_name nios2_qsys_0 --qsys true --simulation_enabled false --id 0 --sidp 0x11090a0 --timestamp 1489510243 --stderr_dev jtag_uart_0 --stdin_dev jtag_uart_0 --stdout_dev jtag_uart_0 --sopc_system_name niosII_system --quartus_project_dir "/afs/ualberta.ca/home/d/j/djr1/ece492_projects/ece492_projects/project_servo" --jdi /afs/ualberta.ca/home/d/j/djr1/ece492_projects/ece492_projects/project_servo/software/TiltMazeController_bsp/../../servo.jdi --sopcinfo /afs/ualberta.ca/home/d/j/djr1/ece492_projects/ece492_projects/project_servo/software/TiltMazeController_bsp/../../niosII_system.sopcinfo
Info: (TiltMazeController.elf) 159 KBytes program size (code + initialized data).
Info:                          8025 KBytes free for stack + heap.
Info: Creating TiltMazeController.objdump
nios2-elf-objdump --disassemble --syms --all-header --source TiltMazeController.elf >TiltMazeController.objdump
[TiltMazeController build complete]

**** Build Finished ****

**** Build of configuration Nios II for project TiltMazeController ****

make all 
Info: Building ../TiltMazeController_bsp/
make --no-print-directory -C ../TiltMazeController_bsp/
[BSP build complete]
[TiltMazeController build complete]

**** Build Finished ****

**** Build of configuration Nios II for project TiltMazeController ****

make all 
Info: Building ../TiltMazeController_bsp/
make --no-print-directory -C ../TiltMazeController_bsp/
[BSP build complete]
Info: Compiling servo.c to obj/default/servo.o
nios2-elf-gcc -xc -MP -MMD -c -I../TiltMazeController_bsp//UCOSII/inc -I../TiltMazeController_bsp//HAL/inc -I../TiltMazeController_bsp/ -I../TiltMazeController_bsp//drivers/inc  -DSYSTEM_BUS_WIDTH=32 -pipe -D__hal__ -DALT_NO_INSTRUCTION_EMULATION -D__ucosii__    -O0 -g -Wall   -EL -mno-hw-div -mno-hw-mul -mno-hw-mulx  -o obj/default/servo.o servo.c
Info: Linking TiltMazeController.elf
nios2-elf-g++  -T'../TiltMazeController_bsp//linker.x' -msys-crt0='../TiltMazeController_bsp//obj/HAL/src/crt0.o' -msys-lib=ucosii_bsp -L../TiltMazeController_bsp/   -Wl,-Map=TiltMazeController.map   -O0 -g -Wall   -EL -mno-hw-div -mno-hw-mul -mno-hw-mulx  -o TiltMazeController.elf obj/default/command.o obj/default/main.o obj/default/servo.o obj/default/uart.o -lm 
nios2-elf-insert TiltMazeController.elf --thread_model ucosii --cpu_name nios2_qsys_0 --qsys true --simulation_enabled false --id 0 --sidp 0x11090a0 --timestamp 1489510243 --stderr_dev jtag_uart_0 --stdin_dev jtag_uart_0 --stdout_dev jtag_uart_0 --sopc_system_name niosII_system --quartus_project_dir "/afs/ualberta.ca/home/d/j/djr1/ece492_projects/ece492_projects/project_servo" --jdi /afs/ualberta.ca/home/d/j/djr1/ece492_projects/ece492_projects/project_servo/software/TiltMazeController_bsp/../../servo.jdi --sopcinfo /afs/ualberta.ca/home/d/j/djr1/ece492_projects/ece492_projects/project_servo/software/TiltMazeController_bsp/../../niosII_system.sopcinfo
Info: (TiltMazeController.elf) 159 KBytes program size (code + initialized data).
Info:                          8025 KBytes free for stack + heap.
Info: Creating TiltMazeController.objdump
nios2-elf-objdump --disassemble --syms --all-header --source TiltMazeController.elf >TiltMazeController.objdump
[TiltMazeController build complete]

**** Build Finished ****

**** Build of configuration Nios II for project TiltMazeController ****

make all 
Info: Building ../TiltMazeController_bsp/
make --no-print-directory -C ../TiltMazeController_bsp/
[BSP build complete]
Info: Compiling servo.c to obj/default/servo.o
nios2-elf-gcc -xc -MP -MMD -c -I../TiltMazeController_bsp//UCOSII/inc -I../TiltMazeController_bsp//HAL/inc -I../TiltMazeController_bsp/ -I../TiltMazeController_bsp//drivers/inc  -DSYSTEM_BUS_WIDTH=32 -pipe -D__hal__ -DALT_NO_INSTRUCTION_EMULATION -D__ucosii__    -O0 -g -Wall   -EL -mno-hw-div -mno-hw-mul -mno-hw-mulx  -o obj/default/servo.o servo.c
Info: Linking TiltMazeController.elf
nios2-elf-g++  -T'../TiltMazeController_bsp//linker.x' -msys-crt0='../TiltMazeController_bsp//obj/HAL/src/crt0.o' -msys-lib=ucosii_bsp -L../TiltMazeController_bsp/   -Wl,-Map=TiltMazeController.map   -O0 -g -Wall   -EL -mno-hw-div -mno-hw-mul -mno-hw-mulx  -o TiltMazeController.elf obj/default/command.o obj/default/main.o obj/default/servo.o obj/default/uart.o -lm 
nios2-elf-insert TiltMazeController.elf --thread_model ucosii --cpu_name nios2_qsys_0 --qsys true --simulation_enabled false --id 0 --sidp 0x11090a0 --timestamp 1489510243 --stderr_dev jtag_uart_0 --stdin_dev jtag_uart_0 --stdout_dev jtag_uart_0 --sopc_system_name niosII_system --quartus_project_dir "/afs/ualberta.ca/home/d/j/djr1/ece492_projects/ece492_projects/project_servo" --jdi /afs/ualberta.ca/home/d/j/djr1/ece492_projects/ece492_projects/project_servo/software/TiltMazeController_bsp/../../servo.jdi --sopcinfo /afs/ualberta.ca/home/d/j/djr1/ece492_projects/ece492_projects/project_servo/software/TiltMazeController_bsp/../../niosII_system.sopcinfo
Info: (TiltMazeController.elf) 159 KBytes program size (code + initialized data).
Info:                          8025 KBytes free for stack + heap.
Info: Creating TiltMazeController.objdump
nios2-elf-objdump --disassemble --syms --all-header --source TiltMazeController.elf >TiltMazeController.objdump
[TiltMazeController build complete]

**** Build Finished ****

**** Build of configuration Nios II for project TiltMazeController ****

make all 
Info: Building ../TiltMazeController_bsp/
make --no-print-directory -C ../TiltMazeController_bsp/
[BSP build complete]
Info: Compiling main.c to obj/default/main.o
nios2-elf-gcc -xc -MP -MMD -c -I../TiltMazeController_bsp//UCOSII/inc -I../TiltMazeController_bsp//HAL/inc -I../TiltMazeController_bsp/ -I../TiltMazeController_bsp//drivers/inc  -DSYSTEM_BUS_WIDTH=32 -pipe -D__hal__ -DALT_NO_INSTRUCTION_EMULATION -D__ucosii__    -O0 -g -Wall   -EL -mno-hw-div -mno-hw-mul -mno-hw-mulx  -o obj/default/main.o main.c
main.c: In function 'maintask':
Info: Compiling servo.c to obj/default/servo.o
main.c:45: warning: unused variable 'tempy'
nios2-elf-gcc -xc -MP -MMD -c -I../TiltMazeController_bsp//UCOSII/inc -I../TiltMazeController_bsp//HAL/inc -I../TiltMazeController_bsp/ -I../TiltMazeController_bsp//drivers/inc  -DSYSTEM_BUS_WIDTH=32 -pipe -D__hal__ -DALT_NO_INSTRUCTION_EMULATION -D__ucosii__    -O0 -g -Wall   -EL -mno-hw-div -mno-hw-mul -mno-hw-mulx  -o obj/default/servo.o servo.c
main.c:44: warning: unused variable 'tempx'
Info: Linking TiltMazeController.elf
nios2-elf-g++  -T'../TiltMazeController_bsp//linker.x' -msys-crt0='../TiltMazeController_bsp//obj/HAL/src/crt0.o' -msys-lib=ucosii_bsp -L../TiltMazeController_bsp/   -Wl,-Map=TiltMazeController.map   -O0 -g -Wall   -EL -mno-hw-div -mno-hw-mul -mno-hw-mulx  -o TiltMazeController.elf obj/default/command.o obj/default/main.o obj/default/servo.o obj/default/uart.o -lm 
nios2-elf-insert TiltMazeController.elf --thread_model ucosii --cpu_name nios2_qsys_0 --qsys true --simulation_enabled false --id 0 --sidp 0x11090a0 --timestamp 1489510243 --stderr_dev jtag_uart_0 --stdin_dev jtag_uart_0 --stdout_dev jtag_uart_0 --sopc_system_name niosII_system --quartus_project_dir "/afs/ualberta.ca/home/d/j/djr1/ece492_projects/ece492_projects/project_servo" --jdi /afs/ualberta.ca/home/d/j/djr1/ece492_projects/ece492_projects/project_servo/software/TiltMazeController_bsp/../../servo.jdi --sopcinfo /afs/ualberta.ca/home/d/j/djr1/ece492_projects/ece492_projects/project_servo/software/TiltMazeController_bsp/../../niosII_system.sopcinfo
Info: (TiltMazeController.elf) 159 KBytes program size (code + initialized data).
Info:                          8025 KBytes free for stack + heap.
Info: Creating TiltMazeController.objdump
nios2-elf-objdump --disassemble --syms --all-header --source TiltMazeController.elf >TiltMazeController.objdump
[TiltMazeController build complete]

**** Build Finished ****

**** Build of configuration Nios II for project TiltMazeController ****

make all 
Info: Building ../TiltMazeController_bsp/
make --no-print-directory -C ../TiltMazeController_bsp/
[BSP build complete]
[TiltMazeController build complete]

**** Build Finished ****

**** Build of configuration Nios II for project TiltMazeController ****

make all 
Info: Building ../TiltMazeController_bsp/
make --no-print-directory -C ../TiltMazeController_bsp/
[BSP build complete]
Info: Compiling servo.c to obj/default/servo.o
nios2-elf-gcc -xc -MP -MMD -c -I../TiltMazeController_bsp//UCOSII/inc -I../TiltMazeController_bsp//HAL/inc -I../TiltMazeController_bsp/ -I../TiltMazeController_bsp//drivers/inc  -DSYSTEM_BUS_WIDTH=32 -pipe -D__hal__ -DALT_NO_INSTRUCTION_EMULATION -D__ucosii__    -O0 -g -Wall   -EL -mno-hw-div -mno-hw-mul -mno-hw-mulx  -o obj/default/servo.o servo.c
Info: Linking TiltMazeController.elf
nios2-elf-g++  -T'../TiltMazeController_bsp//linker.x' -msys-crt0='../TiltMazeController_bsp//obj/HAL/src/crt0.o' -msys-lib=ucosii_bsp -L../TiltMazeController_bsp/   -Wl,-Map=TiltMazeController.map   -O0 -g -Wall   -EL -mno-hw-div -mno-hw-mul -mno-hw-mulx  -o TiltMazeController.elf obj/default/command.o obj/default/main.o obj/default/servo.o obj/default/uart.o -lm 
nios2-elf-insert TiltMazeController.elf --thread_model ucosii --cpu_name nios2_qsys_0 --qsys true --simulation_enabled false --id 0 --sidp 0x11090a0 --timestamp 1489510243 --stderr_dev jtag_uart_0 --stdin_dev jtag_uart_0 --stdout_dev jtag_uart_0 --sopc_system_name niosII_system --quartus_project_dir "/afs/ualberta.ca/home/d/j/djr1/ece492_projects/ece492_projects/project_servo" --jdi /afs/ualberta.ca/home/d/j/djr1/ece492_projects/ece492_projects/project_servo/software/TiltMazeController_bsp/../../servo.jdi --sopcinfo /afs/ualberta.ca/home/d/j/djr1/ece492_projects/ece492_projects/project_servo/software/TiltMazeController_bsp/../../niosII_system.sopcinfo
Info: (TiltMazeController.elf) 159 KBytes program size (code + initialized data).
Info:                          8025 KBytes free for stack + heap.
Info: Creating TiltMazeController.objdump
nios2-elf-objdump --disassemble --syms --all-header --source TiltMazeController.elf >TiltMazeController.objdump
[TiltMazeController build complete]

**** Build Finished ****

**** Build of configuration Nios II for project TiltMazeController ****

make all 
Info: Building ../TiltMazeController_bsp/
make --no-print-directory -C ../TiltMazeController_bsp/
[BSP build complete]
[TiltMazeController build complete]

**** Build Finished ****

**** Build of configuration Nios II for project TiltMazeController ****

make all 
Info: Building ../TiltMazeController_bsp/
make --no-print-directory -C ../TiltMazeController_bsp/
[BSP build complete]
Info: Compiling servo.c to obj/default/servo.o
nios2-elf-gcc -xc -MP -MMD -c -I../TiltMazeController_bsp//UCOSII/inc -I../TiltMazeController_bsp//HAL/inc -I../TiltMazeController_bsp/ -I../TiltMazeController_bsp//drivers/inc  -DSYSTEM_BUS_WIDTH=32 -pipe -D__hal__ -DALT_NO_INSTRUCTION_EMULATION -D__ucosii__    -O0 -g -Wall   -EL -mno-hw-div -mno-hw-mul -mno-hw-mulx  -o obj/default/servo.o servo.c
Info: Linking TiltMazeController.elf
nios2-elf-g++  -T'../TiltMazeController_bsp//linker.x' -msys-crt0='../TiltMazeController_bsp//obj/HAL/src/crt0.o' -msys-lib=ucosii_bsp -L../TiltMazeController_bsp/   -Wl,-Map=TiltMazeController.map   -O0 -g -Wall   -EL -mno-hw-div -mno-hw-mul -mno-hw-mulx  -o TiltMazeController.elf obj/default/command.o obj/default/main.o obj/default/servo.o obj/default/uart.o -lm 
nios2-elf-insert TiltMazeController.elf --thread_model ucosii --cpu_name nios2_qsys_0 --qsys true --simulation_enabled false --id 0 --sidp 0x11090a0 --timestamp 1489510243 --stderr_dev jtag_uart_0 --stdin_dev jtag_uart_0 --stdout_dev jtag_uart_0 --sopc_system_name niosII_system --quartus_project_dir "/afs/ualberta.ca/home/d/j/djr1/ece492_projects/ece492_projects/project_servo" --jdi /afs/ualberta.ca/home/d/j/djr1/ece492_projects/ece492_projects/project_servo/software/TiltMazeController_bsp/../../servo.jdi --sopcinfo /afs/ualberta.ca/home/d/j/djr1/ece492_projects/ece492_projects/project_servo/software/TiltMazeController_bsp/../../niosII_system.sopcinfo
Info: (TiltMazeController.elf) 159 KBytes program size (code + initialized data).
Info:                          8025 KBytes free for stack + heap.
Info: Creating TiltMazeController.objdump
nios2-elf-objdump --disassemble --syms --all-header --source TiltMazeController.elf >TiltMazeController.objdump
[TiltMazeController build complete]

**** Build Finished ****

**** Build of configuration Nios II for project TiltMazeController ****

make all 
Info: Building ../TiltMazeController_bsp/
make --no-print-directory -C ../TiltMazeController_bsp/
[BSP build complete]
[TiltMazeController build complete]

**** Build Finished ****

**** Build of configuration Nios II for project TiltMazeController ****

make all 
Info: Building ../TiltMazeController_bsp/
make --no-print-directory -C ../TiltMazeController_bsp/
[BSP build complete]
Info: Compiling main.c to obj/default/main.o
nios2-elf-gcc -xc -MP -MMD -c -I../TiltMazeController_bsp//UCOSII/inc -I../TiltMazeController_bsp//HAL/inc -I../TiltMazeController_bsp/ -I../TiltMazeController_bsp//drivers/inc  -DSYSTEM_BUS_WIDTH=32 -pipe -D__hal__ -DALT_NO_INSTRUCTION_EMULATION -D__ucosii__    -O0 -g -Wall   -EL -mno-hw-div -mno-hw-mul -mno-hw-mulx  -o obj/default/main.o main.c
main.c: In function 'maintask':
Info: Linking TiltMazeController.elf
main.c:45: warning: unused variable 'tempy'
nios2-elf-g++  -T'../TiltMazeController_bsp//linker.x' -msys-crt0='../TiltMazeController_bsp//obj/HAL/src/crt0.o' -msys-lib=ucosii_bsp -L../TiltMazeController_bsp/   -Wl,-Map=TiltMazeController.map   -O0 -g -Wall   -EL -mno-hw-div -mno-hw-mul -mno-hw-mulx  -o TiltMazeController.elf obj/default/command.o obj/default/main.o obj/default/servo.o obj/default/uart.o -lm 
main.c:44: warning: unused variable 'tempx'
nios2-elf-insert TiltMazeController.elf --thread_model ucosii --cpu_name nios2_qsys_0 --qsys true --simulation_enabled false --id 0 --sidp 0x11090a0 --timestamp 1489510243 --stderr_dev jtag_uart_0 --stdin_dev jtag_uart_0 --stdout_dev jtag_uart_0 --sopc_system_name niosII_system --quartus_project_dir "/afs/ualberta.ca/home/d/j/djr1/ece492_projects/ece492_projects/project_servo" --jdi /afs/ualberta.ca/home/d/j/djr1/ece492_projects/ece492_projects/project_servo/software/TiltMazeController_bsp/../../servo.jdi --sopcinfo /afs/ualberta.ca/home/d/j/djr1/ece492_projects/ece492_projects/project_servo/software/TiltMazeController_bsp/../../niosII_system.sopcinfo
Info: (TiltMazeController.elf) 159 KBytes program size (code + initialized data).
Info:                          8025 KBytes free for stack + heap.
Info: Creating TiltMazeController.objdump
nios2-elf-objdump --disassemble --syms --all-header --source TiltMazeController.elf >TiltMazeController.objdump
[TiltMazeController build complete]

**** Build Finished ****

**** Build of configuration Nios II for project TiltMazeController ****

make all 
Info: Building ../TiltMazeController_bsp/
make --no-print-directory -C ../TiltMazeController_bsp/
[BSP build complete]
[TiltMazeController build complete]

**** Build Finished ****

**** Build of configuration Nios II for project TiltMazeController ****

make all 
Info: Building ../TiltMazeController_bsp/
make --no-print-directory -C ../TiltMazeController_bsp/
[BSP build complete]
Info: Compiling servo.c to obj/default/servo.o
nios2-elf-gcc -xc -MP -MMD -c -I../TiltMazeController_bsp//UCOSII/inc -I../TiltMazeController_bsp//HAL/inc -I../TiltMazeController_bsp/ -I../TiltMazeController_bsp//drivers/inc  -DSYSTEM_BUS_WIDTH=32 -pipe -D__hal__ -DALT_NO_INSTRUCTION_EMULATION -D__ucosii__    -O0 -g -Wall   -EL -mno-hw-div -mno-hw-mul -mno-hw-mulx  -o obj/default/servo.o servo.c
Info: Linking TiltMazeController.elf
nios2-elf-g++  -T'../TiltMazeController_bsp//linker.x' -msys-crt0='../TiltMazeController_bsp//obj/HAL/src/crt0.o' -msys-lib=ucosii_bsp -L../TiltMazeController_bsp/   -Wl,-Map=TiltMazeController.map   -O0 -g -Wall   -EL -mno-hw-div -mno-hw-mul -mno-hw-mulx  -o TiltMazeController.elf obj/default/command.o obj/default/main.o obj/default/servo.o obj/default/uart.o -lm 
nios2-elf-insert TiltMazeController.elf --thread_model ucosii --cpu_name nios2_qsys_0 --qsys true --simulation_enabled false --id 0 --sidp 0x11090a0 --timestamp 1489510243 --stderr_dev jtag_uart_0 --stdin_dev jtag_uart_0 --stdout_dev jtag_uart_0 --sopc_system_name niosII_system --quartus_project_dir "/afs/ualberta.ca/home/d/j/djr1/ece492_projects/ece492_projects/project_servo" --jdi /afs/ualberta.ca/home/d/j/djr1/ece492_projects/ece492_projects/project_servo/software/TiltMazeController_bsp/../../servo.jdi --sopcinfo /afs/ualberta.ca/home/d/j/djr1/ece492_projects/ece492_projects/project_servo/software/TiltMazeController_bsp/../../niosII_system.sopcinfo
Info: (TiltMazeController.elf) 159 KBytes program size (code + initialized data).
Info:                          8025 KBytes free for stack + heap.
Info: Creating TiltMazeController.objdump
nios2-elf-objdump --disassemble --syms --all-header --source TiltMazeController.elf >TiltMazeController.objdump
[TiltMazeController build complete]

**** Build Finished ****

**** Build of configuration Nios II for project TiltMazeController ****

make all 
Info: Building ../TiltMazeController_bsp/
make --no-print-directory -C ../TiltMazeController_bsp/
[BSP build complete]
[TiltMazeController build complete]

**** Build Finished ****
