Flow report for servo
Tue Mar 14 10:52:31 2017
Quartus II 32-bit Version 12.1 Build 243 01/31/2013 Service Pack 1 SJ Full Version


---------------------
; Table of Contents ;
---------------------
  1. Legal Notice
  2. Flow Summary
  3. Flow Settings
  4. Flow Non-Default Global Settings
  5. Flow Elapsed Time
  6. Flow OS Summary
  7. Flow Log



----------------
; Legal Notice ;
----------------
Copyright (C) 1991-2012 Altera Corporation
Your use of Altera Corporation's design tools, logic functions 
and other software and tools, and its AMPP partner logic 
functions, and any output files from any of the foregoing 
(including device programming or simulation files), and any 
associated documentation or information are expressly subject 
to the terms and conditions of the Altera Program License 
Subscription Agreement, Altera MegaCore Function License 
Agreement, or other applicable license agreement, including, 
without limitation, that your use is for the sole purpose of 
programming logic devices manufactured by Altera and sold by 
Altera or its authorized distributors.  Please refer to the 
applicable agreement for further details.



+-------------------------------------------------------------------------------------+
; Flow Summary                                                                        ;
+------------------------------------+------------------------------------------------+
; Flow Status                        ; Successful - Tue Mar 14 10:52:31 2017          ;
; Quartus II 32-bit Version          ; 12.1 Build 243 01/31/2013 SP 1 SJ Full Version ;
; Revision Name                      ; servo                                          ;
; Top-level Entity Name              ; top_level                                      ;
; Family                             ; Cyclone II                                     ;
; Device                             ; EP2C35F672C6                                   ;
; Timing Models                      ; Final                                          ;
; Total logic elements               ; 3,714 / 33,216 ( 11 % )                        ;
;     Total combinational functions  ; 3,504 / 33,216 ( 11 % )                        ;
;     Dedicated logic registers      ; 1,993 / 33,216 ( 6 % )                         ;
; Total registers                    ; 2061                                           ;
; Total pins                         ; 108 / 475 ( 23 % )                             ;
; Total virtual pins                 ; 0                                              ;
; Total memory bits                  ; 144,384 / 483,840 ( 30 % )                     ;
; Embedded Multiplier 9-bit elements ; 8 / 70 ( 11 % )                                ;
; Total PLLs                         ; 1 / 4 ( 25 % )                                 ;
+------------------------------------+------------------------------------------------+


+-----------------------------------------+
; Flow Settings                           ;
+-------------------+---------------------+
; Option            ; Setting             ;
+-------------------+---------------------+
; Start date & time ; 03/14/2017 10:50:38 ;
; Main task         ; Compilation         ;
; Revision Name     ; servo               ;
+-------------------+---------------------+


+----------------------------------------------------------------------------------------------------------------------------+
; Flow Non-Default Global Settings                                                                                           ;
+-------------------------------------+---------------------------------------+---------------+-------------+----------------+
; Assignment Name                     ; Value                                 ; Default Value ; Entity Name ; Section Id     ;
+-------------------------------------+---------------------------------------+---------------+-------------+----------------+
; COMPILER_SIGNATURE_ID               ; 0.148951023711710                     ; --            ; --          ; --             ;
; EDA_OUTPUT_DATA_FORMAT              ; Vhdl                                  ; --            ; --          ; eda_simulation ;
; EDA_SIMULATION_TOOL                 ; ModelSim-Altera (VHDL)                ; <None>        ; --          ; --             ;
; MAX_CORE_JUNCTION_TEMP              ; 85                                    ; --            ; --          ; --             ;
; MIN_CORE_JUNCTION_TEMP              ; 0                                     ; --            ; --          ; --             ;
; PARTITION_COLOR                     ; 16764057                              ; --            ; top_level   ; Top            ;
; PARTITION_FITTER_PRESERVATION_LEVEL ; PLACEMENT_AND_ROUTING                 ; --            ; top_level   ; Top            ;
; PARTITION_NETLIST_TYPE              ; SOURCE                                ; --            ; top_level   ; Top            ;
; POWER_BOARD_THERMAL_MODEL           ; None (CONSERVATIVE)                   ; --            ; --          ; --             ;
; POWER_PRESET_COOLING_SOLUTION       ; 23 MM HEAT SINK WITH 200 LFPM AIRFLOW ; --            ; --          ; --             ;
; PROJECT_OUTPUT_DIRECTORY            ; output_files                          ; --            ; --          ; --             ;
; TOP_LEVEL_ENTITY                    ; top_level                             ; servo         ; --          ; --             ;
+-------------------------------------+---------------------------------------+---------------+-------------+----------------+


+-------------------------------------------------------------------------------------------------------------------------------+
; Flow Elapsed Time                                                                                                             ;
+---------------------------+--------------+-------------------------+---------------------+------------------------------------+
; Module Name               ; Elapsed Time ; Average Processors Used ; Peak Virtual Memory ; Total CPU Time (on all processors) ;
+---------------------------+--------------+-------------------------+---------------------+------------------------------------+
; Analysis & Synthesis      ; 00:01:09     ; 1.0                     ; 461 MB              ; 00:01:24                           ;
; Fitter                    ; 00:00:21     ; 1.9                     ; 523 MB              ; 00:00:27                           ;
; Assembler                 ; 00:00:04     ; 1.0                     ; 340 MB              ; 00:00:03                           ;
; TimeQuest Timing Analyzer ; 00:00:03     ; 1.0                     ; 358 MB              ; 00:00:02                           ;
; EDA Netlist Writer        ; 00:00:05     ; 1.0                     ; 336 MB              ; 00:00:03                           ;
; Total                     ; 00:01:42     ; --                      ; --                  ; 00:01:59                           ;
+---------------------------+--------------+-------------------------+---------------------+------------------------------------+


+-----------------------------------------------------------------------------------------------------+
; Flow OS Summary                                                                                     ;
+---------------------------+--------------------------+--------------+--------------+----------------+
; Module Name               ; Machine Hostname         ; OS Name      ; OS Version   ; Processor type ;
+---------------------------+--------------------------+--------------+--------------+----------------+
; Analysis & Synthesis      ; e3-11-19.ece.ualberta.ca ; CentOS Linux ; CentOS Linux ; x86_64         ;
; Fitter                    ; e3-11-19.ece.ualberta.ca ; CentOS Linux ; CentOS Linux ; x86_64         ;
; Assembler                 ; e3-11-19.ece.ualberta.ca ; CentOS Linux ; CentOS Linux ; x86_64         ;
; TimeQuest Timing Analyzer ; e3-11-19.ece.ualberta.ca ; CentOS Linux ; CentOS Linux ; x86_64         ;
; EDA Netlist Writer        ; e3-11-19.ece.ualberta.ca ; CentOS Linux ; CentOS Linux ; x86_64         ;
+---------------------------+--------------------------+--------------+--------------+----------------+


------------
; Flow Log ;
------------
quartus_map --read_settings_files=on --write_settings_files=off servo -c servo
quartus_fit --read_settings_files=off --write_settings_files=off servo -c servo
quartus_asm --read_settings_files=off --write_settings_files=off servo -c servo
quartus_sta servo -c servo
quartus_eda --read_settings_files=off --write_settings_files=off servo -c servo



